2022-09-27 20:36:16,619 [INFO] Activator:177 - 


2022-09-27 20:36:16,619 [INFO] Activator:178 - !SESSION log4j initialized
2022-09-27 20:40:27,322 [INFO] Activator:177 - 


2022-09-27 20:40:27,338 [INFO] Activator:178 - !SESSION log4j initialized
2022-10-05 14:29:02,485 [INFO] Activator:177 - 


2022-10-05 14:29:02,501 [INFO] Activator:178 - !SESSION log4j initialized
2022-10-11 00:47:30,623 [INFO] Activator:177 - 


2022-10-11 00:47:30,623 [INFO] Activator:178 - !SESSION log4j initialized
2022-10-11 00:48:54,372 [INFO] McuFinderGlobals:39 - Set McuFinder mode to 2 (CubeIDE integrated)
2022-10-11 00:49:03,852 [INFO] ApplicationProperties:181 - Using Application install path: E:\LocationDestinationFrom221\STM32CubeIDE\STM32CubeIDE_1.7.0\STM32CubeIDE\plugins\com.st.stm32cube.common.mx_6.3.0.202107141111
2022-10-11 00:49:03,914 [INFO] DbMcusXml:74 - Set database path to: E:\LocationDestinationFrom221\STM32CubeIDE\STM32CubeIDE_1.7.0\STM32CubeIDE\plugins\com.st.stm32cube.common.mx_6.3.0.202107141111\\db\/mcu/
2022-10-11 00:49:03,914 [INFO] DbBoardsPdsc:56 - Set plugin database path to: E:\LocationDestinationFrom221\STM32CubeIDE\STM32CubeIDE_1.7.0\STM32CubeIDE\plugins\com.st.stm32cube.common.mx_6.3.0.202107141111\\db\/plugins/boardmanager/
2022-10-11 00:49:03,914 [INFO] DbMcus:258 - Set plugin images path to: E:\LocationDestinationFrom221\STM32CubeIDE\STM32CubeIDE_1.7.0\STM32CubeIDE\plugins\com.st.stm32cube.common.mx_6.3.0.202107141111\\db\/plugins/mcufinder/images/
2022-10-11 00:49:03,914 [INFO] DbBoards:264 - Set plugin images path to: E:\LocationDestinationFrom221\STM32CubeIDE\STM32CubeIDE_1.7.0\STM32CubeIDE\plugins\com.st.stm32cube.common.mx_6.3.0.202107141111\\db\/plugins/mcufinder/images/
2022-10-11 00:49:03,930 [INFO] DbExamples:333 - Set plugin images path to: E:\LocationDestinationFrom221\STM32CubeIDE\STM32CubeIDE_1.7.0\STM32CubeIDE\plugins\com.st.stm32cube.common.mx_6.3.0.202107141111\\db\/plugins/mcufinder/images/
2022-10-11 00:49:04,055 [INFO] DbMcusAds:119 - Set database path to: C:\Users\Admin\.stmcufinder\plugins\mcufinder//mcu/
2022-10-11 00:49:04,055 [INFO] DbMcusDocs:110 - Set database path to: C:\Users\Admin\.stmcufinder\plugins\mcufinder//mcu/
2022-10-11 00:49:04,055 [INFO] DbMcusJson:64 - Set database path to: C:\Users\Admin\.stmcufinder\plugins\mcufinder//mcu/
2022-10-11 00:49:04,055 [INFO] DbBoardsDocs:110 - Set database path to: C:\Users\Admin\.stmcufinder\plugins\mcufinder//mcu/
2022-10-11 00:49:04,070 [INFO] DbBoardsJson:57 - Set database path to: C:\Users\Admin\.stmcufinder\plugins\mcufinder//mcu/
2022-10-11 00:49:04,070 [INFO] CrossReferenceDbSqlite:196 - Set database path to: C:\Users\Admin\.stmcufinder\plugins\mcufinder//mcu/cs/
2022-10-11 00:49:04,086 [INFO] DbExamplesSqlite:767 - Set database path to: C:\Users\Admin\.stmcufinder\plugins\mcufinder//mcu/
2022-10-11 00:49:04,399 [INFO] RulesReader:57 - Compatibility file has been processed (242 Rules)
2022-10-11 00:49:04,727 [INFO] DbMcusXml:74 - Set database path to: E:\LocationDestinationFrom221\STM32CubeIDE\STM32CubeIDE_1.7.0\STM32CubeIDE\plugins\com.st.stm32cube.common.mx_6.3.0.202107141111\\db\/mcu/
2022-10-11 00:49:04,727 [INFO] DbBoardsPdsc:56 - Set plugin database path to: E:\LocationDestinationFrom221\STM32CubeIDE\STM32CubeIDE_1.7.0\STM32CubeIDE\plugins\com.st.stm32cube.common.mx_6.3.0.202107141111\\db\/plugins/boardmanager/
2022-10-11 00:49:04,727 [INFO] DbMcus:258 - Set plugin images path to: E:\LocationDestinationFrom221\STM32CubeIDE\STM32CubeIDE_1.7.0\STM32CubeIDE\plugins\com.st.stm32cube.common.mx_6.3.0.202107141111\\db\/plugins/mcufinder/images/
2022-10-11 00:49:04,727 [INFO] DbBoards:264 - Set plugin images path to: E:\LocationDestinationFrom221\STM32CubeIDE\STM32CubeIDE_1.7.0\STM32CubeIDE\plugins\com.st.stm32cube.common.mx_6.3.0.202107141111\\db\/plugins/mcufinder/images/
2022-10-11 00:49:04,727 [INFO] DbExamples:333 - Set plugin images path to: E:\LocationDestinationFrom221\STM32CubeIDE\STM32CubeIDE_1.7.0\STM32CubeIDE\plugins\com.st.stm32cube.common.mx_6.3.0.202107141111\\db\/plugins/mcufinder/images/
2022-10-11 00:49:04,727 [WARN] DbFile:35 - Overriding database path with different value: C:\Users\Admin\.stmcufinder\plugins\mcufinder/ => C:\Users\Admin\.stmcufinder\plugins\mcufinder
2022-10-11 00:49:04,727 [INFO] DbMcusAds:119 - Set database path to: C:\Users\Admin\.stmcufinder\plugins\mcufinder//mcu/
2022-10-11 00:49:04,727 [WARN] DbFile:35 - Overriding database path with different value: C:\Users\Admin\.stmcufinder\plugins\mcufinder/ => C:\Users\Admin\.stmcufinder\plugins\mcufinder
2022-10-11 00:49:04,727 [INFO] DbMcusDocs:110 - Set database path to: C:\Users\Admin\.stmcufinder\plugins\mcufinder//mcu/
2022-10-11 00:49:04,727 [WARN] DbFile:35 - Overriding database path with different value: C:\Users\Admin\.stmcufinder\plugins\mcufinder/ => C:\Users\Admin\.stmcufinder\plugins\mcufinder
2022-10-11 00:49:04,727 [INFO] DbMcusJson:64 - Set database path to: C:\Users\Admin\.stmcufinder\plugins\mcufinder//mcu/
2022-10-11 00:49:04,727 [WARN] DbFile:35 - Overriding database path with different value: C:\Users\Admin\.stmcufinder\plugins\mcufinder/ => C:\Users\Admin\.stmcufinder\plugins\mcufinder
2022-10-11 00:49:04,742 [INFO] DbBoardsDocs:110 - Set database path to: C:\Users\Admin\.stmcufinder\plugins\mcufinder//mcu/
2022-10-11 00:49:04,742 [WARN] DbFile:35 - Overriding database path with different value: C:\Users\Admin\.stmcufinder\plugins\mcufinder/ => C:\Users\Admin\.stmcufinder\plugins\mcufinder
2022-10-11 00:49:04,742 [INFO] DbBoardsJson:57 - Set database path to: C:\Users\Admin\.stmcufinder\plugins\mcufinder//mcu/
2022-10-11 00:49:04,742 [WARN] DbFile:35 - Overriding database path with different value: C:\Users\Admin\.stmcufinder\plugins\mcufinder/ => C:\Users\Admin\.stmcufinder\plugins\mcufinder
2022-10-11 00:49:04,742 [WARN] DbFile:35 - Overriding database path with different value: C:\Users\Admin\.stmcufinder\plugins\mcufinder/ => C:\Users\Admin\.stmcufinder\plugins\mcufinder
2022-10-11 00:49:04,742 [INFO] CrossReferenceDbSqlite:196 - Set database path to: C:\Users\Admin\.stmcufinder\plugins\mcufinder//mcu/cs/
2022-10-11 00:49:04,742 [WARN] DbFile:35 - Overriding database path with different value: C:\Users\Admin\.stmcufinder\plugins\mcufinder/ => C:\Users\Admin\.stmcufinder\plugins\mcufinder
2022-10-11 00:49:04,742 [INFO] DbExamplesSqlite:767 - Set database path to: C:\Users\Admin\.stmcufinder\plugins\mcufinder//mcu/
2022-10-11 00:49:05,217 [INFO] MainPanel:214 - HeapMemory: 341835776
2022-10-11 00:49:05,616 [INFO] DbMcusXml:74 - Set database path to: E:\LocationDestinationFrom221\STM32CubeIDE\STM32CubeIDE_1.7.0\STM32CubeIDE\plugins\com.st.stm32cube.common.mx_6.3.0.202107141111\\db\/mcu/
2022-10-11 00:49:05,616 [INFO] DbBoardsPdsc:56 - Set plugin database path to: E:\LocationDestinationFrom221\STM32CubeIDE\STM32CubeIDE_1.7.0\STM32CubeIDE\plugins\com.st.stm32cube.common.mx_6.3.0.202107141111\\db\/plugins/boardmanager/
2022-10-11 00:49:05,616 [INFO] DbMcus:258 - Set plugin images path to: E:\LocationDestinationFrom221\STM32CubeIDE\STM32CubeIDE_1.7.0\STM32CubeIDE\plugins\com.st.stm32cube.common.mx_6.3.0.202107141111\\db\/plugins/mcufinder/images/
2022-10-11 00:49:05,616 [INFO] DbBoards:264 - Set plugin images path to: E:\LocationDestinationFrom221\STM32CubeIDE\STM32CubeIDE_1.7.0\STM32CubeIDE\plugins\com.st.stm32cube.common.mx_6.3.0.202107141111\\db\/plugins/mcufinder/images/
2022-10-11 00:49:05,616 [INFO] DbExamples:333 - Set plugin images path to: E:\LocationDestinationFrom221\STM32CubeIDE\STM32CubeIDE_1.7.0\STM32CubeIDE\plugins\com.st.stm32cube.common.mx_6.3.0.202107141111\\db\/plugins/mcufinder/images/
2022-10-11 00:49:05,616 [WARN] DbFile:35 - Overriding database path with different value: C:\Users\Admin\.stmcufinder\plugins\mcufinder/ => C:\Users\Admin\.stmcufinder\plugins\mcufinder
2022-10-11 00:49:05,616 [INFO] DbMcusAds:119 - Set database path to: C:\Users\Admin\.stmcufinder\plugins\mcufinder//mcu/
2022-10-11 00:49:05,616 [WARN] DbFile:35 - Overriding database path with different value: C:\Users\Admin\.stmcufinder\plugins\mcufinder/ => C:\Users\Admin\.stmcufinder\plugins\mcufinder
2022-10-11 00:49:05,616 [INFO] DbMcusDocs:110 - Set database path to: C:\Users\Admin\.stmcufinder\plugins\mcufinder//mcu/
2022-10-11 00:49:05,616 [WARN] DbFile:35 - Overriding database path with different value: C:\Users\Admin\.stmcufinder\plugins\mcufinder/ => C:\Users\Admin\.stmcufinder\plugins\mcufinder
2022-10-11 00:49:05,616 [INFO] DbMcusJson:64 - Set database path to: C:\Users\Admin\.stmcufinder\plugins\mcufinder//mcu/
2022-10-11 00:49:05,616 [WARN] DbFile:35 - Overriding database path with different value: C:\Users\Admin\.stmcufinder\plugins\mcufinder/ => C:\Users\Admin\.stmcufinder\plugins\mcufinder
2022-10-11 00:49:05,616 [INFO] DbBoardsDocs:110 - Set database path to: C:\Users\Admin\.stmcufinder\plugins\mcufinder//mcu/
2022-10-11 00:49:05,616 [WARN] DbFile:35 - Overriding database path with different value: C:\Users\Admin\.stmcufinder\plugins\mcufinder/ => C:\Users\Admin\.stmcufinder\plugins\mcufinder
2022-10-11 00:49:05,616 [INFO] DbBoardsJson:57 - Set database path to: C:\Users\Admin\.stmcufinder\plugins\mcufinder//mcu/
2022-10-11 00:49:05,616 [WARN] DbFile:35 - Overriding database path with different value: C:\Users\Admin\.stmcufinder\plugins\mcufinder/ => C:\Users\Admin\.stmcufinder\plugins\mcufinder
2022-10-11 00:49:05,616 [WARN] DbFile:35 - Overriding database path with different value: C:\Users\Admin\.stmcufinder\plugins\mcufinder/ => C:\Users\Admin\.stmcufinder\plugins\mcufinder
2022-10-11 00:49:05,616 [INFO] CrossReferenceDbSqlite:196 - Set database path to: C:\Users\Admin\.stmcufinder\plugins\mcufinder//mcu/cs/
2022-10-11 00:49:05,616 [WARN] DbFile:35 - Overriding database path with different value: C:\Users\Admin\.stmcufinder\plugins\mcufinder/ => C:\Users\Admin\.stmcufinder\plugins\mcufinder
2022-10-11 00:49:05,616 [INFO] DbExamplesSqlite:767 - Set database path to: C:\Users\Admin\.stmcufinder\plugins\mcufinder//mcu/
2022-10-11 00:49:05,647 [INFO] ApplicationProperties:181 - Using Application install path: E:\LocationDestinationFrom221\STM32CubeIDE\STM32CubeIDE_1.7.0\STM32CubeIDE\plugins\com.st.stm32cube.common.mx_6.3.0.202107141111
2022-10-11 00:49:05,647 [INFO] PluginManage:188 - Search for loadable plugins [exclusion list=, ]
2022-10-11 00:49:05,647 [INFO] PluginManage:302 - Check plugin analytics
2022-10-11 00:49:06,045 [INFO] AnalyticsPlugin:257 - Accepted Software Licenses: 
2022-10-11 00:49:06,045 [INFO] AnalyticsPlugin:259 - Accepted CMSIS Pack Licenses: 
2022-10-11 00:49:06,045 [INFO] AnalyticsPlugin:261 - Accepted Firmware Licenses: 
2022-10-11 00:49:06,061 [INFO] PluginManage:352 - Loaded plugin analytics (category:tool,tabindex:-1)
2022-10-11 00:49:06,061 [INFO] PluginManage:302 - Check plugin clock
2022-10-11 00:49:06,109 [INFO] PluginManage:352 - Loaded plugin clock (category:base,tabindex:2)
2022-10-11 00:49:06,109 [INFO] PluginManage:302 - Check plugin ddr
2022-10-11 00:49:06,125 [INFO] PluginManage:352 - Loaded plugin ddr (category:tool,tabindex:6)
2022-10-11 00:49:06,141 [INFO] PluginManage:302 - Check plugin filemanager
2022-10-11 00:49:06,705 [INFO] PluginManage:352 - Loaded plugin filemanager (category:base,tabindex:10)
2022-10-11 00:49:06,705 [INFO] PluginManage:302 - Check plugin ipmanager
2022-10-11 00:49:06,752 [INFO] PluginManage:352 - Loaded plugin ipmanager (category:base,tabindex:5)
2022-10-11 00:49:06,752 [INFO] PluginManage:302 - Check plugin pinoutandconfiguration
2022-10-11 00:49:06,799 [INFO] PluginManage:352 - Loaded plugin pinoutandconfiguration (category:base,tabindex:1)
2022-10-11 00:49:06,799 [INFO] PluginManage:302 - Check plugin pinoutconfig
2022-10-11 00:49:06,846 [INFO] PluginManage:352 - Loaded plugin pinoutconfig (category:base,tabindex:0)
2022-10-11 00:49:06,846 [INFO] PluginManage:302 - Check plugin power
2022-10-11 00:49:06,924 [INFO] PluginManage:352 - Loaded plugin power (category:power,tabindex:4)
2022-10-11 00:49:06,924 [INFO] PluginManage:302 - Check plugin projectmanager
2022-10-11 00:49:06,940 [INFO] PluginManage:352 - Loaded plugin projectmanager (category:projectmanager,tabindex:3)
2022-10-11 00:49:06,940 [INFO] PluginManage:302 - Check plugin thirdparty
2022-10-11 00:49:07,364 [WARN] IntegrityCheckThread:78 - waiting for thirdparty lock release [integrity check]
2022-10-11 00:49:07,364 [INFO] PluginManage:352 - Loaded plugin thirdparty (category:base,tabindex:-1)
2022-10-11 00:49:07,364 [INFO] IntegrityCheckThread:80 - entering critical section [integrity check]
2022-10-11 00:49:07,364 [INFO] PluginManage:302 - Check plugin tools
2022-10-11 00:49:07,364 [INFO] ThirdPartyUpdaterWithRetryManager:66 - Updater plugin not ready yet. [1/15]
2022-10-11 00:49:07,380 [INFO] PluginManage:352 - Loaded plugin tools (category:base,tabindex:7)
2022-10-11 00:49:07,380 [INFO] PluginManage:302 - Check plugin tutovideos
2022-10-11 00:49:07,864 [INFO] PluginManage:352 - Loaded plugin tutovideos (category:base,tabindex:-1)
2022-10-11 00:49:07,864 [INFO] PluginManage:302 - Check plugin updater
2022-10-11 00:49:07,973 [INFO] PluginManage:352 - Loaded plugin updater (category:base,tabindex:12)
2022-10-11 00:49:07,973 [INFO] PluginManage:275 - PluginManage : Loaded plugins [13]
2022-10-11 00:49:08,723 [INFO] PinOutPanel:1463 - setPackage(No Configuration,No Configuration)
2022-10-11 00:49:09,067 [INFO] IPUIPlugin:74 - create IPUIPlugin
2022-10-11 00:49:09,067 [INFO] PluginManager:213 - loadIPPluginJar : add adc
2022-10-11 00:49:09,067 [INFO] IPUIPlugin:74 - create IPUIPlugin
2022-10-11 00:49:09,067 [INFO] PluginManager:213 - loadIPPluginJar : add aes
2022-10-11 00:49:09,083 [INFO] IPUIPlugin:74 - create IPUIPlugin
2022-10-11 00:49:09,083 [INFO] PluginManager:213 - loadIPPluginJar : add can
2022-10-11 00:49:09,099 [INFO] IPUIPlugin:74 - create IPUIPlugin
2022-10-11 00:49:09,099 [INFO] PluginManager:213 - loadIPPluginJar : add comp
2022-10-11 00:49:09,099 [INFO] IPUIPlugin:74 - create IPUIPlugin
2022-10-11 00:49:09,099 [INFO] PluginManager:213 - loadIPPluginJar : add cryp
2022-10-11 00:49:09,114 [INFO] IPUIPlugin:74 - create IPUIPlugin
2022-10-11 00:49:09,114 [INFO] PluginManager:213 - loadIPPluginJar : add dfsdm
2022-10-11 00:49:09,130 [INFO] IPUIPlugin:74 - create IPUIPlugin
2022-10-11 00:49:09,130 [INFO] PluginManager:213 - loadIPPluginJar : add dma
2022-10-11 00:49:09,145 [INFO] IPUIPlugin:74 - create IPUIPlugin
2022-10-11 00:49:09,145 [INFO] PluginManager:213 - loadIPPluginJar : add dma3
2022-10-11 00:49:09,145 [INFO] IPUIPlugin:74 - create IPUIPlugin
2022-10-11 00:49:09,145 [INFO] PluginManager:213 - loadIPPluginJar : add fatfs
2022-10-11 00:49:09,161 [INFO] IPUIPlugin:74 - create IPUIPlugin
2022-10-11 00:49:09,161 [INFO] PluginManager:213 - loadIPPluginJar : add fmc
2022-10-11 00:49:09,177 [INFO] IPUIPlugin:74 - create IPUIPlugin
2022-10-11 00:49:09,177 [INFO] PluginManager:213 - loadIPPluginJar : add freertos
2022-10-11 00:49:09,177 [INFO] IPUIPlugin:74 - create IPUIPlugin
2022-10-11 00:49:09,177 [INFO] PluginManager:213 - loadIPPluginJar : add genericplugin
2022-10-11 00:49:09,177 [INFO] IPUIPlugin:74 - create IPUIPlugin
2022-10-11 00:49:09,177 [INFO] PluginManager:213 - loadIPPluginJar : add gfxmmu
2022-10-11 00:49:09,224 [INFO] IPUIPlugin:74 - create IPUIPlugin
2022-10-11 00:49:09,224 [INFO] PluginManager:213 - loadIPPluginJar : add gic
2022-10-11 00:49:09,239 [INFO] IPUIPlugin:74 - create IPUIPlugin
2022-10-11 00:49:09,239 [INFO] PluginManager:213 - loadIPPluginJar : add gpio
2022-10-11 00:49:09,302 [INFO] IPUIPlugin:74 - create IPUIPlugin
2022-10-11 00:49:09,302 [INFO] PluginManager:213 - loadIPPluginJar : add gtzc
2022-10-11 00:49:09,302 [INFO] IPUIPlugin:74 - create IPUIPlugin
2022-10-11 00:49:09,302 [INFO] PluginManager:213 - loadIPPluginJar : add hash
2022-10-11 00:49:09,317 [INFO] IPUIPlugin:74 - create IPUIPlugin
2022-10-11 00:49:09,317 [INFO] PluginManager:213 - loadIPPluginJar : add i2c
2022-10-11 00:49:09,333 [INFO] IPUIPlugin:74 - create IPUIPlugin
2022-10-11 00:49:09,333 [INFO] PluginManager:213 - loadIPPluginJar : add i2s
2022-10-11 00:49:09,349 [INFO] IPUIPlugin:74 - create IPUIPlugin
2022-10-11 00:49:09,349 [INFO] PluginManager:213 - loadIPPluginJar : add ipddr
2022-10-11 00:49:09,364 [INFO] IPUIPlugin:74 - create IPUIPlugin
2022-10-11 00:49:09,364 [INFO] PluginManager:213 - loadIPPluginJar : add linkedlist
2022-10-11 00:49:09,380 [INFO] IPUIPlugin:74 - create IPUIPlugin
2022-10-11 00:49:09,380 [INFO] PluginManager:213 - loadIPPluginJar : add lorawan
2022-10-11 00:49:09,380 [INFO] IPUIPlugin:74 - create IPUIPlugin
2022-10-11 00:49:09,380 [INFO] PluginManager:213 - loadIPPluginJar : add ltdc
2022-10-11 00:49:09,411 [INFO] IPUIPlugin:74 - create IPUIPlugin
2022-10-11 00:49:09,411 [INFO] PluginManager:213 - loadIPPluginJar : add mdma
2022-10-11 00:49:09,427 [INFO] IPUIPlugin:74 - create IPUIPlugin
2022-10-11 00:49:09,427 [INFO] PluginManager:213 - loadIPPluginJar : add nvic
2022-10-11 00:49:09,427 [INFO] IPUIPlugin:74 - create IPUIPlugin
2022-10-11 00:49:09,427 [INFO] PluginManager:213 - loadIPPluginJar : add opamp
2022-10-11 00:49:09,427 [INFO] IPUIPlugin:74 - create IPUIPlugin
2022-10-11 00:49:09,427 [INFO] PluginManager:213 - loadIPPluginJar : add openamp
2022-10-11 00:49:09,458 [INFO] IPUIPlugin:74 - create IPUIPlugin
2022-10-11 00:49:09,458 [INFO] PluginManager:213 - loadIPPluginJar : add pdm2pcm
2022-10-11 00:49:09,473 [INFO] IPUIPlugin:74 - create IPUIPlugin
2022-10-11 00:49:09,473 [INFO] PluginManager:213 - loadIPPluginJar : add plateformsettings
2022-10-11 00:49:09,473 [INFO] IPUIPlugin:74 - create IPUIPlugin
2022-10-11 00:49:09,473 [INFO] PluginManager:213 - loadIPPluginJar : add quadspi
2022-10-11 00:49:09,520 [INFO] IPUIPlugin:74 - create IPUIPlugin
2022-10-11 00:49:09,520 [INFO] PluginManager:213 - loadIPPluginJar : add resmgrutility
2022-10-11 00:49:09,567 [INFO] IPUIPlugin:74 - create IPUIPlugin
2022-10-11 00:49:09,567 [INFO] PluginManager:213 - loadIPPluginJar : add sai
2022-10-11 00:49:09,583 [INFO] IPUIPlugin:74 - create IPUIPlugin
2022-10-11 00:49:09,583 [INFO] PluginManager:213 - loadIPPluginJar : add spi
2022-10-11 00:49:09,598 [INFO] IPUIPlugin:74 - create IPUIPlugin
2022-10-11 00:49:09,598 [INFO] PluginManager:213 - loadIPPluginJar : add stm32_wpan
2022-10-11 00:49:09,598 [INFO] IPUIPlugin:74 - create IPUIPlugin
2022-10-11 00:49:09,598 [INFO] PluginManager:213 - loadIPPluginJar : add tim
2022-10-11 00:49:09,661 [INFO] IPUIPlugin:74 - create IPUIPlugin
2022-10-11 00:49:09,661 [INFO] PluginManager:213 - loadIPPluginJar : add touchsensing
2022-10-11 00:49:09,677 [INFO] IPUIPlugin:74 - create IPUIPlugin
2022-10-11 00:49:09,677 [INFO] PluginManager:213 - loadIPPluginJar : add tracer_emb
2022-10-11 00:49:09,677 [INFO] IPUIPlugin:74 - create IPUIPlugin
2022-10-11 00:49:09,692 [INFO] PluginManager:213 - loadIPPluginJar : add ts
2022-10-11 00:49:09,692 [INFO] IPUIPlugin:74 - create IPUIPlugin
2022-10-11 00:49:09,692 [INFO] PluginManager:213 - loadIPPluginJar : add tsc
2022-10-11 00:49:09,723 [INFO] IPUIPlugin:74 - create IPUIPlugin
2022-10-11 00:49:09,723 [INFO] PluginManager:213 - loadIPPluginJar : add ucpd
2022-10-11 00:49:09,723 [INFO] IPUIPlugin:74 - create IPUIPlugin
2022-10-11 00:49:09,723 [INFO] PluginManager:213 - loadIPPluginJar : add usart
2022-10-11 00:49:09,739 [INFO] IPUIPlugin:74 - create IPUIPlugin
2022-10-11 00:49:09,739 [INFO] PluginManager:213 - loadIPPluginJar : add usbx
2022-10-11 00:49:10,379 [INFO] ThirdPartyUpdaterWithRetryManager:66 - Updater plugin not ready yet. [2/15]
2022-10-11 00:49:10,395 [FATAL] Updater:294 - Updater called before beeing initialized
2022-10-11 00:49:10,676 [FATAL] Updater:294 - Updater called before beeing initialized
2022-10-11 00:49:10,676 [INFO] DbMcusAds:47 - JSON generation date=Thu Sep 30 13:55:09 GMT+07:00 2021 (1632984909247)
2022-10-11 00:49:10,676 [FATAL] Updater:294 - Updater called before beeing initialized
2022-10-11 00:49:11,145 [WARN] DetailPanel:314 - Failed to get advertising image, set to default
2022-10-11 00:49:11,332 [FATAL] Updater:294 - Updater called before beeing initialized
2022-10-11 00:49:11,348 [FATAL] Updater:294 - Updater called before beeing initialized
2022-10-11 00:49:11,348 [FATAL] Updater:294 - Updater called before beeing initialized
2022-10-11 00:49:11,348 [WARN] DetailPanel:314 - Failed to get advertising image, set to default
2022-10-11 00:49:11,348 [FATAL] Updater:294 - Updater called before beeing initialized
2022-10-11 00:49:11,457 [ERROR] Updater:1075 - MainUpdater not yet initialized. External WinMGr cannot be set.
2022-10-11 00:49:11,504 [INFO] Updater:1012 - Updater Version found : 6.3.0
2022-10-11 00:49:11,535 [INFO] ApplicationProperties:181 - Using Application install path: E:\LocationDestinationFrom221\STM32CubeIDE\STM32CubeIDE_1.7.0\STM32CubeIDE\plugins\com.st.stm32cube.common.mx_6.3.0.202107141111
2022-10-11 00:49:12,020 [INFO] MainUpdater:2671 - connection check result : 10
2022-10-11 00:49:12,020 [INFO] MainUpdater:3359 - Updater definition file requires update
2022-10-11 00:49:12,020 [INFO] MainUpdater:265 - Updater Check For Update Now.
2022-10-11 00:49:12,020 [INFO] MicroXplorer:478 - Change Database Version : DB.6.0.30
2022-10-11 00:49:12,833 [INFO] ServerAccessManage:362 - Download File updaters.zip
2022-10-11 00:49:12,942 [INFO] FileExtend:235 - Unzip File : updaters.zip
2022-10-11 00:49:12,942 [INFO] FileExtend:250 - Standard Zip Deflate
2022-10-11 00:49:13,382 [WARN] MainUpdater:1122 - Updater busy. Cannot search thirdparties
2022-10-11 00:49:13,382 [INFO] ThirdPartyUpdaterWithRetryManager:92 - Updater plugin is busy. [1/15]
2022-10-11 00:49:15,216 [INFO] ServerAccessManage:362 - Download File PacksControlFlags.xml
2022-10-11 00:49:15,497 [INFO] ServerAccessManage:362 - Download File cubemx.pidx
2022-10-11 00:49:15,763 [INFO] LoadServerUpdatesThread:339 - End of LoadServerUpdate Thread
2022-10-11 00:49:15,919 [INFO] CheckServerUpdateThread:112 - End of CheckServer Thread
2022-10-11 00:49:16,013 [INFO] MainUpdater:2671 - connection check result : 10
2022-10-11 00:49:16,297 [INFO] MainUpdater:2671 - connection check result : 10
2022-10-11 00:49:17,925 [INFO] MicroXplorer:448 - Change Database Path : 
2022-10-11 00:49:17,925 [INFO] MicroXplorer:478 - Change Database Version : DB.6.0.30
2022-10-11 00:49:17,925 [WARN] ThirdParty:813 - waiting for thirdparty lock release [close project]
2022-10-11 00:49:17,971 [WARN] PackLoader:238 - Cannot read IP mode file for STMicroelectronics.X-CUBE-GNSS1.6.0.0
2022-10-11 00:49:18,065 [WARN] PackLoader:238 - Cannot read IP mode file for STMicroelectronics.X-CUBE-AZRTOS-F4.1.1.0
2022-10-11 00:49:18,331 [WARN] PackLoader:238 - Cannot read IP mode file for STMicroelectronics.X-CUBE-AZRTOS-F7.1.1.0
2022-10-11 00:49:18,565 [WARN] PackLoader:238 - Cannot read IP mode file for STMicroelectronics.X-CUBE-BLE1.6.2.3
2022-10-11 00:49:18,721 [WARN] PackLoader:238 - Cannot read IP mode file for STMicroelectronics.X-CUBE-NFC4.2.0.4
2022-10-11 00:49:18,878 [WARN] PackLoader:238 - Cannot read IP mode file for STMicroelectronics.X-CUBE-TOF1.3.1.0
2022-10-11 00:49:18,924 [WARN] PackLoader:238 - Cannot read IP mode file for wolfSSL.I-CUBE-wolfSSL.5.5.0
2022-10-11 00:49:18,971 [WARN] PackLoader:238 - Cannot read IP mode file for STMicroelectronics.X-CUBE-NFC7.1.0.0
2022-10-11 00:49:19,055 [WARN] PackLoader:238 - Cannot read IP mode file for STMicroelectronics.X-CUBE-MEMS1.9.3.0
2022-10-11 00:49:19,343 [WARN] PackLoader:238 - Cannot read IP mode file for STMicroelectronics.X-CUBE-AI.7.2.0
2022-10-11 00:49:19,393 [WARN] PackLoader:238 - Cannot read IP mode file for STMicroelectronics.X-CUBE-SFXS2LP1.4.0.0
2022-10-11 00:49:19,413 [WARN] PackLoader:238 - Cannot read IP mode file for STMicroelectronics.X-CUBE-BLE2.3.3.0
2022-10-11 00:49:19,434 [WARN] PackLoader:238 - Cannot read IP mode file for STMicroelectronics.X-CUBE-DISPLAY.2.2.0
2022-10-11 00:49:19,474 [WARN] PackLoader:238 - Cannot read IP mode file for STMicroelectronics.X-CUBE-ISPU.1.0.0
2022-10-11 00:49:19,492 [WARN] PackLoader:238 - Cannot read IP mode file for RoweBots.I-CUBE-UNISONRTOS.5.5.0-4
2022-10-11 00:49:19,544 [WARN] PackLoader:238 - Cannot read IP mode file for STMicroelectronics.X-CUBE-AZRTOS-H7.2.1.0
2022-10-11 00:49:19,944 [WARN] PackLoader:238 - Cannot read IP mode file for STMicroelectronics.X-CUBE-BLEMGR.1.0.0
2022-10-11 00:49:19,979 [WARN] PackLoader:238 - Cannot read IP mode file for STMicroelectronics.X-CUBE-ALGOBUILD.1.3.0
2022-10-11 00:49:20,089 [WARN] PackLoader:238 - Cannot read IP mode file for STMicroelectronics.X-CUBE-AZRTOS-G0.1.1.0
2022-10-11 00:49:20,290 [WARN] PackLoader:238 - Cannot read IP mode file for STMicroelectronics.X-CUBE-SUBG2.5.0.0
2022-10-11 00:49:20,402 [WARN] PackLoader:238 - Cannot read IP mode file for SEGGER.I-CUBE-embOS.1.2.0
2022-10-11 00:49:20,448 [WARN] PackLoader:238 - Cannot read IP mode file for STMicroelectronics.FP-ATR-ASTRA1.1.1.1
2022-10-11 00:49:20,480 [WARN] PackLoader:238 - Cannot read IP mode file for STMicroelectronics.X-CUBE-AZRTOS-G4.1.0.0
2022-10-11 00:49:20,516 [WARN] PackLoader:238 - Cannot read IP mode file for STMicroelectronics.X-CUBE-AZRTOS-L4.1.0.0
2022-10-11 00:49:20,557 [WARN] PackLoader:238 - Cannot read IP mode file for emotas.I-CUBE-CANOPEN.1.1.2
2022-10-11 00:49:20,571 [WARN] PackLoader:238 - Cannot read IP mode file for STMicroelectronics.X-CUBE-TOUCHGFX.4.20.0
2022-10-11 00:49:20,600 [WARN] PackLoader:238 - Cannot read IP mode file for STMicroelectronics.X-CUBE-AZRTOS-WL.1.0.0
2022-10-11 00:49:20,616 [WARN] PackLoader:238 - Cannot read IP mode file for portGmbH.I-Cube-SoM-uGOAL.1.1.0
2022-10-11 00:49:20,633 [WARN] PackLoader:238 - Cannot read IP mode file for STMicroelectronics.X-CUBE-ALS.1.0.1
2022-10-11 00:49:20,666 [WARN] PackLoader:238 - Cannot read IP mode file for STMicroelectronics.X-CUBE-AZRTOS-L5.1.0.0
2022-10-11 00:49:20,681 [WARN] PackLoader:238 - Cannot read IP mode file for STMicroelectronics.X-CUBE-EEPRMA1.3.1.1
2022-10-11 00:49:20,681 [INFO] ThirdParty:915 - Integrity check success = true
2022-10-11 00:49:20,681 [INFO] IntegrityCheckThread:94 - exiting critical section [integrity check]
2022-10-11 00:49:20,681 [INFO] IntegrityCheckThread:97 - End integrity checks thread
2022-10-11 00:49:20,681 [INFO] ThirdParty:815 - entering critical section [close project]
2022-10-11 00:49:20,681 [INFO] ThirdParty:825 - exiting critical section [close project]
2022-10-11 00:49:20,690 [INFO] PinOutPanel:1463 - setPackage(No Configuration,No Configuration)
2022-10-11 00:49:20,690 [INFO] UtilMem:74 - Begin LoadConfig() Used Memory: 443188760 Bytes (624951296)
2022-10-11 00:49:20,690 [INFO] MicroXplorer:448 - Change Database Path : 
2022-10-11 00:49:20,690 [INFO] MicroXplorer:478 - Change Database Version : DB.6.0.30
2022-10-11 00:49:20,690 [INFO] OpenFileManager:313 - Change cursor
2022-10-11 00:49:23,989 [INFO] Context:592 - Trying to add GPIOservice into a context  which must be forbidden
2022-10-11 00:49:25,598 [WARN] ApiManager:304 - Cannot register API 'Board Extension:GNSS1A1' from pack STMicroelectronics.X-CUBE-GNSS1.6.0.0: no header file found
2022-10-11 00:49:25,598 [WARN] ApiManager:304 - Cannot register API 'Board Support:Custom' from pack STMicroelectronics.X-CUBE-GNSS1.6.0.0: no header file found
2022-10-11 00:49:25,599 [WARN] ApiManager:304 - Cannot register API 'Data Exchange:lib_gnss' from pack STMicroelectronics.X-CUBE-GNSS1.6.0.0: no header file found
2022-10-11 00:49:25,627 [WARN] ModelIntegratedComponent:60 - No mode defined for component null
2022-10-11 00:49:25,628 [WARN] ModelIntegratedComponent:60 - No mode defined for component null
2022-10-11 00:49:25,628 [WARN] ModelIntegratedComponent:60 - No mode defined for component null
2022-10-11 00:49:25,629 [WARN] ModelIntegratedComponent:60 - No mode defined for component null
2022-10-11 00:49:25,629 [WARN] ModelIntegratedComponent:60 - No mode defined for component null
2022-10-11 00:49:25,629 [WARN] ModelIntegratedComponent:60 - No mode defined for component null
2022-10-11 00:49:25,630 [WARN] ModelIntegratedComponent:60 - No mode defined for component null
2022-10-11 00:49:25,630 [WARN] ModelIntegratedComponent:60 - No mode defined for component null
2022-10-11 00:49:25,630 [WARN] ModelIntegratedComponent:60 - No mode defined for component null
2022-10-11 00:49:25,631 [WARN] ModelIntegratedComponent:60 - No mode defined for component null
2022-10-11 00:49:25,631 [WARN] ModelIntegratedComponent:60 - No mode defined for component null
2022-10-11 00:49:25,631 [WARN] ModelIntegratedComponent:60 - No mode defined for component null
2022-10-11 00:49:25,632 [WARN] ModelIntegratedComponent:60 - No mode defined for component null
2022-10-11 00:49:25,632 [WARN] ModelIntegratedComponent:60 - No mode defined for component null
2022-10-11 00:49:25,632 [WARN] ModelIntegratedComponent:60 - No mode defined for component null
2022-10-11 00:49:25,632 [WARN] ModelIntegratedComponent:60 - No mode defined for component null
2022-10-11 00:49:25,633 [WARN] ModelIntegratedComponent:60 - No mode defined for component null
2022-10-11 00:49:25,634 [WARN] ModelIntegratedComponent:60 - No mode defined for component null
2022-10-11 00:49:25,634 [WARN] ModelIntegratedComponent:60 - No mode defined for component null
2022-10-11 00:49:25,634 [WARN] ModelIntegratedComponent:60 - No mode defined for component null
2022-10-11 00:49:25,634 [WARN] ModelIntegratedComponent:60 - No mode defined for component null
2022-10-11 00:49:25,635 [WARN] ModelIntegratedComponent:60 - No mode defined for component null
2022-10-11 00:49:25,635 [WARN] ModelIntegratedComponent:60 - No mode defined for component null
2022-10-11 00:49:25,635 [WARN] ModelIntegratedComponent:60 - No mode defined for component null
2022-10-11 00:49:25,636 [WARN] ModelIntegratedComponent:60 - No mode defined for component null
2022-10-11 00:49:25,636 [WARN] ModelIntegratedComponent:60 - No mode defined for component null
2022-10-11 00:49:25,637 [WARN] ModelIntegratedComponent:60 - No mode defined for component null
2022-10-11 00:49:25,638 [WARN] ModelIntegratedComponent:60 - No mode defined for component null
2022-10-11 00:49:25,647 [WARN] ModelIntegratedComponent:60 - No mode defined for component null
2022-10-11 00:49:25,649 [WARN] ModelIntegratedComponent:60 - No mode defined for component null
2022-10-11 00:49:25,649 [WARN] ModelIntegratedComponent:60 - No mode defined for component null
2022-10-11 00:49:25,670 [WARN] ApiManager:304 - Cannot register API 'Board Extension:NFC07A1' from pack STMicroelectronics.X-CUBE-NFC7.1.0.0: no header file found
2022-10-11 00:49:26,063 [WARN] ApiManager:304 - Cannot register API 'Board Extension:IKS01A3' from pack STMicroelectronics.X-CUBE-MEMS1.9.3.0: no header file found
2022-10-11 00:49:26,064 [WARN] ApiManager:304 - Cannot register API 'Board Extension:IKS01A2' from pack STMicroelectronics.X-CUBE-MEMS1.9.3.0: no header file found
2022-10-11 00:49:26,064 [WARN] ApiManager:304 - Cannot register API 'Board Extension:IKS02A1' from pack STMicroelectronics.X-CUBE-MEMS1.9.3.0: no header file found
2022-10-11 00:49:26,089 [WARN] ApiManager:304 - Cannot register API 'Wireless:BlueNRG-MS' from pack STMicroelectronics.X-CUBE-BLE1.6.2.3: no header file found
2022-10-11 00:49:26,094 [INFO] RtosManager:484 - Registered RTOS mode: class=CMSIS, group=RTOS, mode=CMSIS_V1, owner=FREERTOS
2022-10-11 00:49:26,094 [INFO] RtosManager:484 - Registered RTOS mode: class=CMSIS, group=RTOS2, mode=CMSIS_V2, owner=FREERTOS
2022-10-11 00:49:26,095 [INFO] RtosManager:484 - Registered RTOS mode: class=RTOS, group=Core, mode=CMSIS_V1, owner=FREERTOS
2022-10-11 00:49:26,096 [INFO] RtosManager:484 - Registered RTOS mode: class=RTOS, group=Core, mode=CMSIS_V2, owner=FREERTOS
2022-10-11 00:49:26,096 [WARN] ModelIntegratedComponent:181 - Missing modes for component STMicroelectronics:FreeRTOS:0.0.1:STMicroelectronics:RTOS:FreeRTOS:Core:::10.2.0:
2022-10-11 00:49:26,110 [WARN] ApiManager:304 - Cannot register API 'Board Extension:S2868A1' from pack STMicroelectronics.X-CUBE-SUBG2.5.0.0: no header file found
2022-10-11 00:49:26,110 [WARN] ApiManager:304 - Cannot register API 'Board Extension:S2868A2' from pack STMicroelectronics.X-CUBE-SUBG2.5.0.0: no header file found
2022-10-11 00:49:26,110 [WARN] ApiManager:304 - Cannot register API 'Board Extension:S2915A1' from pack STMicroelectronics.X-CUBE-SUBG2.5.0.0: no header file found
2022-10-11 00:49:26,133 [WARN] ApiManager:304 - Cannot register API 'Board Extension:EEPRMA1' from pack STMicroelectronics.X-CUBE-EEPRMA1.3.1.1: no header file found
2022-10-11 00:49:26,134 [WARN] ApiManager:304 - Cannot register API 'Board Extension:EEPRMA2' from pack STMicroelectronics.X-CUBE-EEPRMA1.3.1.1: no header file found
2022-10-11 00:49:26,136 [WARN] ApiManager:304 - Cannot register API 'Board Extension:S2868A1' from pack STMicroelectronics.X-CUBE-SFXS2LP1.4.0.0: no header file found
2022-10-11 00:49:26,137 [WARN] ApiManager:304 - Cannot register API 'Board Extension:S2868A2' from pack STMicroelectronics.X-CUBE-SFXS2LP1.4.0.0: no header file found
2022-10-11 00:49:26,137 [WARN] ApiManager:304 - Cannot register API 'Board Extension:S2915A1' from pack STMicroelectronics.X-CUBE-SFXS2LP1.4.0.0: no header file found
2022-10-11 00:49:26,160 [WARN] ApiManager:304 - Cannot register API 'Wireless:BlueNRG-2' from pack STMicroelectronics.X-CUBE-BLE2.3.3.0: no header file found
2022-10-11 00:49:26,164 [WARN] ApiManager:304 - Cannot register API 'Board Extension:NFC04A1' from pack STMicroelectronics.X-CUBE-NFC4.2.0.4: no header file found
2022-10-11 00:49:30,733 [INFO] UtilMem:74 - End LoadConfig() Used Memory: 452088320 Bytes (624951296)
2022-10-11 00:49:30,735 [INFO] DbMcusXml:100 - Load MCU database from E:\LocationDestinationFrom221\STM32CubeIDE\STM32CubeIDE_1.7.0\STM32CubeIDE\plugins\com.st.stm32cube.common.mx_6.3.0.202107141111\\db\/mcu/families.xml
2022-10-11 00:49:34,446 [INFO] DbMcusJson:93 - JSON generation date=Tue Nov 16 23:17:54 GMT+07:00 2021 (1637079474)
2022-10-11 00:49:36,230 [INFO] DbMcus:175 - Found 1951 MCUs (1903 are supported by CubeMX, 1914 are visible in CubeMX)
2022-10-11 00:49:36,878 [INFO] ApiDb:251 - Load user favorites file C:\Users\Admin/.stm32cubeide/favorites.mcus.txt: 0 item(s)
2022-10-11 00:49:36,878 [INFO] ApiDb:255 - User favorites MCUs=[]
2022-10-11 00:49:36,879 [INFO] DbMcus:187 - Set 0 / 0 favorites MCUs
2022-10-11 00:49:37,433 [WARN] ThirdParty:779 - waiting for thirdparty lock release [change project]
2022-10-11 00:49:37,433 [INFO] ThirdParty:781 - entering critical section [change project]
2022-10-11 00:49:37,433 [INFO] ThirdParty:967 - CMSIS Pack Vendor :RoweBots I-CUBE-UNISONRTOS 5.5.0-4
2022-10-11 00:49:37,433 [INFO] ThirdParty:967 - CMSIS Pack Vendor :STMicroelectronics X-CUBE-GNSS1 6.0.0
2022-10-11 00:49:37,433 [INFO] ThirdParty:967 - CMSIS Pack Vendor :STMicroelectronics X-CUBE-AZRTOS-H7 2.1.0
2022-10-11 00:49:37,433 [INFO] ThirdParty:967 - CMSIS Pack Vendor :STMicroelectronics USB_HOST 2.0.0
2022-10-11 00:49:37,433 [INFO] ThirdParty:967 - CMSIS Pack Vendor :STMicroelectronics X-CUBE-AZRTOS-F4 1.1.0
2022-10-11 00:49:37,433 [INFO] ThirdParty:967 - CMSIS Pack Vendor :STMicroelectronics X-CUBE-AZRTOS-G4 1.0.0
2022-10-11 00:49:37,449 [INFO] ThirdParty:967 - CMSIS Pack Vendor :STMicroelectronics X-CUBE-AZRTOS-L4 1.0.0
2022-10-11 00:49:37,449 [INFO] ThirdParty:967 - CMSIS Pack Vendor :STMicroelectronics USB_DEVICE 3.0.0
2022-10-11 00:49:37,449 [INFO] ThirdParty:967 - CMSIS Pack Vendor :wolfSSL I-CUBE-wolfSSL 5.5.0
2022-10-11 00:49:37,449 [INFO] ThirdParty:967 - CMSIS Pack Vendor :STMicroelectronics HAL Drivers 0.0.0
2022-10-11 00:49:37,449 [INFO] ThirdParty:967 - CMSIS Pack Vendor :STMicroelectronics MBEDTLS 2.16.2
2022-10-11 00:49:37,449 [INFO] ThirdParty:967 - CMSIS Pack Vendor :emotas I-CUBE-CANOPEN 1.1.2
2022-10-11 00:49:37,449 [INFO] ThirdParty:967 - CMSIS Pack Vendor :STMicroelectronics X-CUBE-TOUCHGFX 4.20.0
2022-10-11 00:49:37,449 [INFO] ThirdParty:967 - CMSIS Pack Vendor :STMicroelectronics MBEDTLS 2.14.1
2022-10-11 00:49:37,449 [INFO] ThirdParty:967 - CMSIS Pack Vendor :STMicroelectronics X-CUBE-NFC7 1.0.0
2022-10-11 00:49:37,449 [INFO] ThirdParty:967 - CMSIS Pack Vendor :STMicroelectronics X-CUBE-BLEMGR 1.0.0
2022-10-11 00:49:37,449 [INFO] ThirdParty:967 - CMSIS Pack Vendor :STMicroelectronics X-CUBE-AZRTOS-WL 1.0.0
2022-10-11 00:49:37,449 [INFO] ThirdParty:967 - CMSIS Pack Vendor :STMicroelectronics X-CUBE-AZRTOS-F7 1.1.0
2022-10-11 00:49:37,449 [INFO] ThirdParty:967 - CMSIS Pack Vendor :STMicroelectronics X-CUBE-MEMS1 9.3.0
2022-10-11 00:49:37,449 [INFO] ThirdParty:967 - CMSIS Pack Vendor :portGmbH I-Cube-SoM-uGOAL 1.1.0
2022-10-11 00:49:37,449 [INFO] ThirdParty:967 - CMSIS Pack Vendor :STMicroelectronics X-CUBE-ALS 1.0.1
2022-10-11 00:49:37,449 [INFO] ThirdParty:967 - CMSIS Pack Vendor :STMicroelectronics USB_DEVICE 2.0.0
2022-10-11 00:49:37,449 [INFO] ThirdParty:967 - CMSIS Pack Vendor :STMicroelectronics X-CUBE-AI 7.2.0
2022-10-11 00:49:37,449 [INFO] ThirdParty:967 - CMSIS Pack Vendor :STMicroelectronics X-CUBE-BLE1 6.2.3
2022-10-11 00:49:37,449 [INFO] ThirdParty:967 - CMSIS Pack Vendor :STMicroelectronics X-CUBE-ALGOBUILD 1.3.0
2022-10-11 00:49:37,449 [INFO] ThirdParty:967 - CMSIS Pack Vendor :STMicroelectronics X-CUBE-AZRTOS-L5 1.0.0
2022-10-11 00:49:37,449 [INFO] ThirdParty:967 - CMSIS Pack Vendor :STMicroelectronics FreeRTOS 0.0.1
2022-10-11 00:49:37,449 [INFO] ThirdParty:967 - CMSIS Pack Vendor :STMicroelectronics X-CUBE-AZRTOS-G0 1.1.0
2022-10-11 00:49:37,449 [INFO] ThirdParty:967 - CMSIS Pack Vendor :STMicroelectronics USB_DEVICE 1.0.0
2022-10-11 00:49:37,449 [INFO] ThirdParty:967 - CMSIS Pack Vendor :STMicroelectronics X-CUBE-SUBG2 5.0.0
2022-10-11 00:49:37,449 [INFO] ThirdParty:967 - CMSIS Pack Vendor :SEGGER I-CUBE-embOS 1.2.0
2022-10-11 00:49:37,449 [INFO] ThirdParty:967 - CMSIS Pack Vendor :STMicroelectronics X-CUBE-EEPRMA1 3.1.1
2022-10-11 00:49:37,449 [INFO] ThirdParty:967 - CMSIS Pack Vendor :STMicroelectronics ThreadX 0.0.2
2022-10-11 00:49:37,449 [INFO] ThirdParty:967 - CMSIS Pack Vendor :STMicroelectronics lwIP 2.0.3
2022-10-11 00:49:37,449 [INFO] ThirdParty:967 - CMSIS Pack Vendor :STMicroelectronics lwIP 2.1.2
2022-10-11 00:49:37,449 [INFO] ThirdParty:967 - CMSIS Pack Vendor :STMicroelectronics X-CUBE-SFXS2LP1 4.0.0
2022-10-11 00:49:37,449 [INFO] ThirdParty:967 - CMSIS Pack Vendor :STMicroelectronics X-CUBE-BLE2 3.3.0
2022-10-11 00:49:37,449 [INFO] ThirdParty:967 - CMSIS Pack Vendor :STMicroelectronics X-CUBE-NFC4 2.0.4
2022-10-11 00:49:37,449 [INFO] ThirdParty:967 - CMSIS Pack Vendor :STMicroelectronics USB_HOST 1.0.0
2022-10-11 00:49:37,449 [INFO] ThirdParty:967 - CMSIS Pack Vendor :STMicroelectronics X-CUBE-DISPLAY 2.2.0
2022-10-11 00:49:37,449 [INFO] ThirdParty:967 - CMSIS Pack Vendor :STMicroelectronics PDM2PCM 3.1.0
2022-10-11 00:49:37,449 [INFO] ThirdParty:967 - CMSIS Pack Vendor :STMicroelectronics FP-ATR-ASTRA1 1.1.1
2022-10-11 00:49:37,449 [INFO] ThirdParty:967 - CMSIS Pack Vendor :STMicroelectronics PDM2PCM 3.2.0
2022-10-11 00:49:37,449 [INFO] ThirdParty:967 - CMSIS Pack Vendor :STMicroelectronics PDM2PCM 3.3.0
2022-10-11 00:49:37,449 [INFO] ThirdParty:967 - CMSIS Pack Vendor :STMicroelectronics X-CUBE-TOF1 3.1.0
2022-10-11 00:49:37,449 [INFO] ThirdParty:967 - CMSIS Pack Vendor :STMicroelectronics X-CUBE-ISPU 1.0.0
2022-10-11 00:49:37,449 [INFO] ThirdParty:787 - exiting critical section [change project]
2022-10-11 00:49:39,393 [INFO] PinOutPanel:1463 - setPackage(No Configuration,No Configuration)
2022-10-11 00:49:39,395 [INFO] PinOutPanel:1463 - setPackage(STM32F103C6Ux,UFQFPN48)
2022-10-11 00:49:40,584 [INFO] UtilMem:74 - Before build in PCC Used Memory: 609925584 Bytes (730857472)
2022-10-11 00:49:43,163 [INFO] UtilMem:74 - After build in PCC Used Memory: 546472536 Bytes (730857472)
2022-10-11 00:49:43,213 [INFO] IPUIPlugin:74 - create IPUIPlugin
2022-10-11 00:49:43,213 [INFO] IPUIPlugin:74 - create IPUIPlugin
2022-10-11 00:49:43,213 [INFO] IPUIPlugin:74 - create IPUIPlugin
2022-10-11 00:49:43,213 [INFO] IPUIPlugin:74 - create IPUIPlugin
2022-10-11 00:49:43,213 [INFO] IPUIPlugin:74 - create IPUIPlugin
2022-10-11 00:49:43,213 [INFO] IPUIPlugin:74 - create IPUIPlugin
2022-10-11 00:49:43,213 [INFO] IPUIPlugin:74 - create IPUIPlugin
2022-10-11 00:49:43,213 [INFO] IPUIPlugin:74 - create IPUIPlugin
2022-10-11 00:49:43,213 [INFO] IPUIPlugin:74 - create IPUIPlugin
2022-10-11 00:49:43,213 [INFO] IPUIPlugin:74 - create IPUIPlugin
2022-10-11 00:49:43,213 [INFO] IPUIPlugin:74 - create IPUIPlugin
2022-10-11 00:49:43,213 [INFO] IPUIPlugin:74 - create IPUIPlugin
2022-10-11 00:49:43,213 [INFO] IPUIPlugin:74 - create IPUIPlugin
2022-10-11 00:49:43,213 [INFO] IPUIPlugin:74 - create IPUIPlugin
2022-10-11 00:49:43,213 [INFO] IPUIPlugin:74 - create IPUIPlugin
2022-10-11 00:49:43,213 [INFO] IPUIPlugin:74 - create IPUIPlugin
2022-10-11 00:49:43,213 [INFO] IPUIPlugin:74 - create IPUIPlugin
2022-10-11 00:49:43,213 [INFO] IPUIPlugin:74 - create IPUIPlugin
2022-10-11 00:49:43,213 [INFO] IPUIPlugin:74 - create IPUIPlugin
2022-10-11 00:49:43,213 [INFO] IPUIPlugin:74 - create IPUIPlugin
2022-10-11 00:49:43,232 [INFO] IPUIPlugin:74 - create IPUIPlugin
2022-10-11 00:49:43,232 [INFO] IPUIPlugin:74 - create IPUIPlugin
2022-10-11 00:49:43,232 [INFO] IPUIPlugin:74 - create IPUIPlugin
2022-10-11 00:49:43,655 [INFO] OpenFileManager:333 - Restore cursor
2022-10-11 22:36:19,039 [INFO] Activator:177 - 


2022-10-11 22:36:19,045 [INFO] Activator:178 - !SESSION log4j initialized
